<?xml version="1.0" encoding="UTF-8"?>
<!-- Generated by org.testng.reporters.JUnitReportReporter -->
<testsuite hostname="USMUMAWANGA11" failures="0" tests="1" name="com.test.testcases.LoginTest" time="8.933" errors="0" timestamp="2024-04-07T21:52:57 IST" skipped="0">
  <testcase classname="com.test.testcases.LoginTest" name="login" time="8.933"/>
</testsuite> <!-- com.test.testcases.LoginTest -->
