<?xml version="1.0" encoding="UTF-8"?>
<!-- Generated by org.testng.reporters.JUnitReportReporter -->
<testsuite hostname="USMUMAWANGA11" failures="0" tests="1" name="com.test.testcases.LoginTest" time="9.631" errors="0" timestamp="2024-05-03T17:38:26 IST" skipped="0">
  <testcase classname="com.test.testcases.LoginTest" name="login" time="9.631"/>
</testsuite> <!-- com.test.testcases.LoginTest -->
